[ 2015-08-20T16:01:26+08:00 ] ::1 /xiaohei/xiaohei/__STATIC__/bootstrap/bootstrap.css
INFO: [ app_init ] --START--
INFO: Run Behavior\BuildLiteBehavior [ RunTime:0.000024s ]
INFO: [ app_init ] --END-- [ RunTime:0.000455s ]
ERR: 无法加载模块:__STATIC__

[ 2015-08-20T16:01:26+08:00 ] ::1 /xiaohei/xiaohei/__STATIC__/common.css
INFO: [ app_init ] --START--
INFO: Run Behavior\BuildLiteBehavior [ RunTime:0.000024s ]
INFO: [ app_init ] --END-- [ RunTime:0.000431s ]
ERR: 无法加载模块:__STATIC__

[ 2015-08-20T16:01:26+08:00 ] ::1 /xiaohei/xiaohei/__STATIC__/jquery/jquery-1.11.3.min.js
INFO: [ app_init ] --START--
INFO: Run Behavior\BuildLiteBehavior [ RunTime:0.000023s ]
INFO: [ app_init ] --END-- [ RunTime:0.000427s ]
ERR: 无法加载模块:__STATIC__

[ 2015-08-20T16:01:26+08:00 ] ::1 /xiaohei/xiaohei/__STATIC__/bootstrap/bootstrap.min.js
INFO: [ app_init ] --START--
INFO: Run Behavior\BuildLiteBehavior [ RunTime:0.000027s ]
INFO: [ app_init ] --END-- [ RunTime:0.001561s ]
ERR: 无法加载模块:__STATIC__

[ 2015-08-20T16:01:26+08:00 ] ::1 /xiaohei/xiaohei/__STATIC__/common-scripts.js
INFO: [ app_init ] --START--
INFO: Run Behavior\BuildLiteBehavior [ RunTime:0.000069s ]
INFO: [ app_init ] --END-- [ RunTime:0.001454s ]
ERR: 无法加载模块:__STATIC__

[ 2015-08-20T16:12:42+08:00 ] ::1 /xiaohei/xiaohei/__STATIC__/bootstrap/bootstrap.css
ERR: 无法加载模块:__STATIC__

[ 2015-08-20T16:12:42+08:00 ] ::1 /xiaohei/xiaohei/__STATIC__/common.css
ERR: 无法加载模块:__STATIC__

[ 2015-08-20T16:12:42+08:00 ] ::1 /xiaohei/xiaohei/__STATIC__/jquery/jquery-1.11.3.min.js
ERR: 无法加载模块:__STATIC__

[ 2015-08-20T16:12:42+08:00 ] ::1 /xiaohei/xiaohei/__STATIC__/bootstrap/bootstrap.min.js
ERR: 无法加载模块:__STATIC__

[ 2015-08-20T16:12:42+08:00 ] ::1 /xiaohei/xiaohei/__STATIC__/common-scripts.js
ERR: 无法加载模块:__STATIC__

[ 2015-08-20T16:12:43+08:00 ] ::1 /xiaohei/xiaohei/__STATIC__/bootstrap/bootstrap.css
ERR: 无法加载模块:__STATIC__

[ 2015-08-20T16:12:43+08:00 ] ::1 /xiaohei/xiaohei/__STATIC__/common.css
ERR: 无法加载模块:__STATIC__

[ 2015-08-20T16:12:43+08:00 ] ::1 /xiaohei/xiaohei/__STATIC__/jquery/jquery-1.11.3.min.js
ERR: 无法加载模块:__STATIC__

[ 2015-08-20T16:12:43+08:00 ] ::1 /xiaohei/xiaohei/__STATIC__/bootstrap/bootstrap.min.js
ERR: 无法加载模块:__STATIC__

[ 2015-08-20T16:12:43+08:00 ] ::1 /xiaohei/xiaohei/__STATIC__/common-scripts.js
ERR: 无法加载模块:__STATIC__

[ 2015-08-20T16:13:03+08:00 ] ::1 /xiaohei/xiaohei/__STATIC__/bootstrap/bootstrap.css
ERR: 无法加载模块:__STATIC__

[ 2015-08-20T16:13:03+08:00 ] ::1 /xiaohei/xiaohei/__STATIC__/common.css
ERR: 无法加载模块:__STATIC__

[ 2015-08-20T16:13:03+08:00 ] ::1 /xiaohei/xiaohei/__STATIC__/jquery/jquery-1.11.3.min.js
ERR: 无法加载模块:__STATIC__

[ 2015-08-20T16:13:03+08:00 ] ::1 /xiaohei/xiaohei/__STATIC__/bootstrap/bootstrap.min.js
ERR: 无法加载模块:__STATIC__

[ 2015-08-20T16:13:03+08:00 ] ::1 /xiaohei/xiaohei/__STATIC__/common-scripts.js
ERR: 无法加载模块:__STATIC__

[ 2015-08-20T16:42:51+08:00 ] ::1 /xiaohei/xiaohei/__STATIC__/bootstrap/bootstrap.css
ERR: 无法加载模块:__STATIC__

[ 2015-08-20T16:42:51+08:00 ] ::1 /xiaohei/xiaohei/__STATIC__/common.css
ERR: 无法加载模块:__STATIC__

[ 2015-08-20T16:42:51+08:00 ] ::1 /xiaohei/xiaohei/__STATIC__/jquery/jquery-1.11.3.min.js
ERR: 无法加载模块:__STATIC__

[ 2015-08-20T16:42:51+08:00 ] ::1 /xiaohei/xiaohei/__STATIC__/bootstrap/bootstrap.min.js
ERR: 无法加载模块:__STATIC__

[ 2015-08-20T16:42:51+08:00 ] ::1 /xiaohei/xiaohei/__STATIC__/common-scripts.js
ERR: 无法加载模块:__STATIC__

[ 2015-08-20T16:43:11+08:00 ] ::1 /xiaohei/xiaohei/__STATIC__/bootstrap/bootstrap.css
ERR: 无法加载模块:__STATIC__

[ 2015-08-20T16:43:11+08:00 ] ::1 /xiaohei/xiaohei/__STATIC__/common.css
ERR: 无法加载模块:__STATIC__

[ 2015-08-20T16:43:11+08:00 ] ::1 /xiaohei/xiaohei/__STATIC__/jquery/jquery-1.11.3.min.js
ERR: 无法加载模块:__STATIC__

[ 2015-08-20T16:43:11+08:00 ] ::1 /xiaohei/xiaohei/__STATIC__/bootstrap/bootstrap.min.js
ERR: 无法加载模块:__STATIC__

[ 2015-08-20T16:43:11+08:00 ] ::1 /xiaohei/xiaohei/__STATIC__/common-scripts.js
ERR: 无法加载模块:__STATIC__

[ 2015-08-20T16:43:11+08:00 ] ::1 /xiaohei/xiaohei/__STATIC__/bootstrap/bootstrap.min.js
ERR: 无法加载模块:__STATIC__

[ 2015-08-20T16:43:11+08:00 ] ::1 /xiaohei/xiaohei/__STATIC__/common-scripts.js
ERR: 无法加载模块:__STATIC__

[ 2015-08-20T16:52:42+08:00 ] ::1 /xiaohei/xiaohei/Public/static/bootstrap/bootstrap.css
ERR: 无法加载模块:Public

[ 2015-08-20T16:52:42+08:00 ] ::1 /xiaohei/xiaohei/Public/static/bootstrap/bootstrap.min.js
ERR: 无法加载模块:Public

[ 2015-08-20T16:52:42+08:00 ] ::1 /xiaohei/xiaohei/Public/static/common-scripts.js
ERR: 无法加载模块:Public

[ 2015-08-20T16:52:42+08:00 ] ::1 /xiaohei/xiaohei/Public/static/bootstrap/bootstrap.min.js
ERR: 无法加载模块:Public

[ 2015-08-20T16:52:42+08:00 ] ::1 /xiaohei/xiaohei/Public/static/common-scripts.js
ERR: 无法加载模块:Public

[ 2015-08-20T16:53:08+08:00 ] ::1 /xiaohei/xiaohei/__STATIC__/bootstrap/bootstrap.css
ERR: 无法加载模块:__STATIC__

[ 2015-08-20T16:53:08+08:00 ] ::1 /xiaohei/xiaohei/__STATIC__/common.css
ERR: 无法加载模块:__STATIC__

[ 2015-08-20T16:53:08+08:00 ] ::1 /xiaohei/xiaohei/__STATIC__/common-scripts.js
ERR: 无法加载模块:__STATIC__

[ 2015-08-20T16:53:08+08:00 ] ::1 /xiaohei/xiaohei/__STATIC__/bootstrap/bootstrap.min.js
ERR: 无法加载模块:__STATIC__

[ 2015-08-20T16:53:08+08:00 ] ::1 /xiaohei/xiaohei/__STATIC__/jquery/jquery-1.11.3.min.js
ERR: 无法加载模块:__STATIC__

[ 2015-08-20T16:53:08+08:00 ] ::1 /xiaohei/xiaohei/__STATIC__/bootstrap/bootstrap.min.js
ERR: 无法加载模块:__STATIC__

[ 2015-08-20T16:53:08+08:00 ] ::1 /xiaohei/xiaohei/__STATIC__/common-scripts.js
ERR: 无法加载模块:__STATIC__

[ 2015-08-20T16:53:12+08:00 ] ::1 /xiaohei/xiaohei/Public/static/common-scripts.js
ERR: 无法加载模块:Public

[ 2015-08-20T16:53:12+08:00 ] ::1 /xiaohei/xiaohei/Public/static/bootstrap/bootstrap.min.js
ERR: 无法加载模块:Public

[ 2015-08-20T16:53:12+08:00 ] ::1 /xiaohei/xiaohei/Public/static/bootstrap/bootstrap.css
ERR: 无法加载模块:Public

[ 2015-08-20T16:53:13+08:00 ] ::1 /xiaohei/xiaohei/Public/static/bootstrap/bootstrap.min.js
ERR: 无法加载模块:Public

[ 2015-08-20T16:53:13+08:00 ] ::1 /xiaohei/xiaohei/Public/static/common-scripts.js
ERR: 无法加载模块:Public

[ 2015-08-20T16:54:26+08:00 ] ::1 /xiaohei/xiaohei/Public/static/common-scripts.js
ERR: 无法加载模块:Public

[ 2015-08-20T16:54:26+08:00 ] ::1 /xiaohei/xiaohei/Public/static/common-scripts.js
ERR: 无法加载模块:Public

[ 2015-08-20T16:54:41+08:00 ] ::1 /xiaohei/xiaohei/Public/static/common/scripts.js
ERR: 无法加载模块:Public

[ 2015-08-20T16:54:41+08:00 ] ::1 /xiaohei/xiaohei/Public/static/common/scripts.js
ERR: 无法加载模块:Public

[ 2015-08-20T17:54:17+08:00 ] ::1 /xiaohei/xiaohei/test
ERR: 无法加载模块:Test

[ 2015-08-20T17:54:23+08:00 ] ::1 /xiaohei/xiaohei/test
ERR: 无法加载模块:Test

[ 2015-08-20T17:54:35+08:00 ] ::1 /xiaohei/xiaohei/index/Test
ERR: 无法加载模块:Index

[ 2015-08-20T17:54:45+08:00 ] ::1 /xiaohei/xiaohei/index.php/Test
ERR: 无法加载模块:Test

